TN:
SF:src\index.ts
FN:17,(anonymous_0)
FN:47,(anonymous_1)
FN:49,(anonymous_2)
FN:54,(anonymous_3)
FN:60,(anonymous_4)
FN:71,(anonymous_5)
FN:81,(anonymous_6)
FN:91,(anonymous_7)
FN:101,(anonymous_8)
FN:111,(anonymous_9)
FN:132,(anonymous_10)
FNF:11
FNH:11
FNDA:1,(anonymous_0)
FNDA:1,(anonymous_1)
FNDA:6,(anonymous_2)
FNDA:8,(anonymous_3)
FNDA:8,(anonymous_4)
FNDA:3,(anonymous_5)
FNDA:1,(anonymous_6)
FNDA:1,(anonymous_7)
FNDA:1,(anonymous_8)
FNDA:1,(anonymous_9)
FNDA:1,(anonymous_10)
DA:1,1
DA:17,1
DA:44,1
DA:50,6
DA:51,6
DA:55,8
DA:56,6
DA:57,6
DA:61,8
DA:62,9
DA:63,8
DA:72,3
DA:73,3
DA:82,1
DA:83,1
DA:92,1
DA:93,1
DA:102,1
DA:103,1
DA:112,1
DA:113,1
DA:133,1
DA:137,1
LF:23
LH:23
BRDA:62,0,0,1
BRDA:62,0,1,7
BRDA:63,1,0,1
BRDA:63,1,1,6
BRF:4
BRH:4
end_of_record
